2021-02-23T00:03:41.2846: Open :(DESCRIPTION=(ADDRESS=(PROTOCOL=tcp)(HOST=localhost)(PORT=1521))(CONNECT_DATA=(SERVICE_NAME=orcl)(CID=(PROGRAM=C:\Users\asmat\AppData\Local\Temp\go-build549880838\b001\exe\main.exe)(HOST=DESKTOP-9S9FRVU)(USER=DESKTOP-9S9FRVU\asmat))))
2021-02-23T00:03:41.2856: Connect
2021-02-23T00:03:41.5949: 
Write packet:
00000000  00 3a 00 00 01 00 00 00  01 38 01 2c 0c 01 ff ff  |.:.......8.,....|
00000010  ff ff 4f 98 00 00 00 01  00 ea 00 3a 00 00 00 00  |..O........:....|
00000020  04 04 00 00 00 00 00 00  00 00 00 00 00 00 00 00  |................|
00000030  00 00 00 00 00 00 00 00  00 00                    |..........|
2021-02-23T00:03:41.5949: 
Write packet:
00000000  00 f4 00 00 06 00 00 00  00 00 28 44 45 53 43 52  |..........(DESCR|
00000010  49 50 54 49 4f 4e 3d 28  41 44 44 52 45 53 53 3d  |IPTION=(ADDRESS=|
00000020  28 50 52 4f 54 4f 43 4f  4c 3d 74 63 70 29 28 48  |(PROTOCOL=tcp)(H|
00000030  4f 53 54 3d 6c 6f 63 61  6c 68 6f 73 74 29 28 50  |OST=localhost)(P|
00000040  4f 52 54 3d 31 35 32 31  29 29 28 43 4f 4e 4e 45  |ORT=1521))(CONNE|
00000050  43 54 5f 44 41 54 41 3d  28 53 45 52 56 49 43 45  |CT_DATA=(SERVICE|
00000060  5f 4e 41 4d 45 3d 6f 72  63 6c 29 28 43 49 44 3d  |_NAME=orcl)(CID=|
00000070  28 50 52 4f 47 52 41 4d  3d 43 3a 5c 55 73 65 72  |(PROGRAM=C:\User|
00000080  73 5c 61 73 6d 61 74 5c  41 70 70 44 61 74 61 5c  |s\asmat\AppData\|
00000090  4c 6f 63 61 6c 5c 54 65  6d 70 5c 67 6f 2d 62 75  |Local\Temp\go-bu|
000000a0  69 6c 64 35 34 39 38 38  30 38 33 38 5c 62 30 30  |ild549880838\b00|
000000b0  31 5c 65 78 65 5c 6d 61  69 6e 2e 65 78 65 29 28  |1\exe\main.exe)(|
000000c0  48 4f 53 54 3d 44 45 53  4b 54 4f 50 2d 39 53 39  |HOST=DESKTOP-9S9|
000000d0  46 52 56 55 29 28 55 53  45 52 3d 44 45 53 4b 54  |FRVU)(USER=DESKT|
000000e0  4f 50 2d 39 53 39 46 52  56 55 5c 61 73 6d 61 74  |OP-9S9FRVU\asmat|
000000f0  29 29 29 29                                       |))))|
2021-02-23T00:03:41.7003: 
Read packet:
00000000  00 20 00 00 02 00 00 00  01 38 08 01 20 00 ff ff  |. .......8.. ...|
00000010  01 00 00 00 00 20 65 00  00 00 00 00 00 00 00 00  |..... e.........|
2021-02-23T00:03:41.7003: 
Write packet:
00000000  00 1c 00 00 06 00 00 00  00 00 01 06 00 4f 72 61  |.............Ora|
00000010  63 6c 65 43 6c 69 65 6e  74 47 6f 00              |cleClientGo.|
2021-02-23T00:03:41.7013: 
Read packet:
00000000  00 f2 00 00 06 00 00 00  00 00 01 06 00 49 42 4d  |.............IBM|
00000010  50 43 2f 57 49 4e 5f 4e  54 36 34 2d 39 2e 31 2e  |PC/WIN_NT64-9.1.|
00000020  30 00 69 03 01 0a 00 66  03 40 03 01 40 03 66 03  |0.i....f.@..@.f.|
00000030  01 66 03 48 03 01 48 03  66 03 01 66 03 52 03 01  |.f.H..H.f..f.R..|
00000040  52 03 66 03 01 66 03 61  03 01 61 03 66 03 01 66  |R.f..f.a..a.f..f|
00000050  03 1f 03 08 1f 03 66 03  01 00 64 00 00 00 60 01  |......f...d...`.|
00000060  24 0f 05 0b 0c 03 0c 0c  05 04 05 0d 06 09 07 08  |$...............|
00000070  05 05 05 05 05 0f 05 05  05 05 05 0a 05 05 05 05  |................|
00000080  05 04 05 06 07 08 08 23  47 23 47 08 11 23 08 11  |.......#G#G..#..|
00000090  41 b0 47 00 83 03 69 07  d0 03 00 00 00 00 00 00  |A.G...i.........|
000000a0  00 00 00 00 00 00 00 00  00 00 00 00 00 00 00 00  |................|
000000b0  00 00 00 00 00 00 00 00  00 00 00 00 00 00 00 2a  |...............*|
000000c0  06 01 01 01 6f 01 01 0c  01 01 01 01 01 01 01 7f  |....o...........|
000000d0  ff 03 0e 03 03 01 01 ff  01 ff ff 01 0b 01 01 ff  |................|
000000e0  01 06 0a e2 01 7f 05 00  0f 0d 07 02 01 00 01 18  |................|
000000f0  00 7f                                             |..|
2021-02-23T00:03:41.7013: 
Write packet:
00000000  09 2a 00 00 06 00 00 00  00 00 02 00 00 00 00 01  |.*..............|
00000010  26 06 01 00 00 0a 01 01  06 01 01 01 01 01 01 00  |&...............|
00000020  29 90 03 07 03 00 01 00  6b 01 00 05 01 00 00 00  |).......k.......|
00000030  00 00 00 00 00 01 02 07  02 01 00 00 00 00 00 80  |................|
00000040  00 00 00 41 5a 3c 80 00  00 00 00 00 00 00 d0 07  |...AZ<..........|
00000050  00 01 00 01 00 01 00 00  00 02 00 02 00 0a 00 00  |................|
00000060  00 08 00 08 00 01 00 00  00 0c 00 0c 00 0a 00 00  |................|
00000070  00 17 00 17 00 01 00 00  00 18 00 18 00 01 00 00  |................|
00000080  00 19 00 19 00 01 00 00  00 1a 00 1a 00 01 00 00  |................|
00000090  00 1b 00 1b 00 01 00 00  00 1c 00 1c 00 01 00 00  |................|
000000a0  00 1d 00 1d 00 01 00 00  00 1e 00 1e 00 01 00 00  |................|
000000b0  00 1f 00 1f 00 01 00 00  00 20 00 20 00 01 00 00  |......... . ....|
000000c0  00 21 00 21 00 01 00 00  00 0a 00 0a 00 01 00 00  |.!.!............|
000000d0  00 0b 00 0b 00 01 00 00  00 28 00 28 00 01 00 00  |.........(.(....|
000000e0  00 29 00 29 00 01 00 00  00 75 00 75 00 01 00 00  |.).).....u.u....|
000000f0  00 78 00 78 00 01 00 00  01 22 01 22 00 01 00 00  |.x.x....."."....|
00000100  01 23 01 23 00 01 00 00  01 24 01 24 00 01 00 00  |.#.#.....$.$....|
00000110  01 25 01 25 00 01 00 00  01 26 01 26 00 01 00 00  |.%.%.....&.&....|
00000120  01 2a 01 2a 00 01 00 00  01 2b 01 2b 00 01 00 00  |.*.*.....+.+....|
00000130  01 2c 01 2c 00 01 00 00  01 2d 01 2d 00 01 00 00  |.,.,.....-.-....|
00000140  01 2e 01 2e 00 01 00 00  01 2f 01 2f 00 01 00 00  |........././....|
00000150  01 30 01 30 00 01 00 00  01 31 01 31 00 01 00 00  |.0.0.....1.1....|
00000160  01 32 01 32 00 01 00 00  01 33 01 33 00 01 00 00  |.2.2.....3.3....|
00000170  01 34 01 34 00 01 00 00  01 35 01 35 00 01 00 00  |.4.4.....5.5....|
00000180  01 36 01 36 00 01 00 00  01 37 01 37 00 01 00 00  |.6.6.....7.7....|
00000190  01 38 01 38 00 01 00 00  01 39 01 39 00 01 00 00  |.8.8.....9.9....|
000001a0  01 3b 01 3b 00 01 00 00  01 3c 01 3c 00 01 00 00  |.;.;.....<.<....|
000001b0  01 3d 01 3d 00 01 00 00  01 3e 01 3e 00 01 00 00  |.=.=.....>.>....|
000001c0  01 3f 01 3f 00 01 00 00  01 40 01 40 00 01 00 00  |.?.?.....@.@....|
000001d0  01 41 01 41 00 01 00 00  01 42 01 42 00 01 00 00  |.A.A.....B.B....|
000001e0  01 43 01 43 00 01 00 00  01 47 01 47 00 01 00 00  |.C.C.....G.G....|
000001f0  01 48 01 48 00 01 00 00  01 49 01 49 00 01 00 00  |.H.H.....I.I....|
00000200  01 4b 01 4b 00 01 00 00  01 4d 01 4d 00 01 00 00  |.K.K.....M.M....|
00000210  01 4e 01 4e 00 01 00 00  01 4f 01 4f 00 01 00 00  |.N.N.....O.O....|
00000220  01 50 01 50 00 01 00 00  01 51 01 51 00 01 00 00  |.P.P.....Q.Q....|
00000230  01 52 01 52 00 01 00 00  01 53 01 53 00 01 00 00  |.R.R.....S.S....|
00000240  01 54 01 54 00 01 00 00  01 55 01 55 00 01 00 00  |.T.T.....U.U....|
00000250  01 56 01 56 00 01 00 00  01 57 01 57 00 01 00 00  |.V.V.....W.W....|
00000260  01 58 01 58 00 01 00 00  01 59 01 59 00 01 00 00  |.X.X.....Y.Y....|
00000270  01 5a 01 5a 00 01 00 00  01 5c 01 5c 00 01 00 00  |.Z.Z.....\.\....|
00000280  01 5d 01 5d 00 01 00 00  01 62 01 62 00 01 00 00  |.].].....b.b....|
00000290  01 63 01 63 00 01 00 00  01 67 01 67 00 01 00 00  |.c.c.....g.g....|
000002a0  01 6b 01 6b 00 01 00 00  01 7c 01 7c 00 01 00 00  |.k.k.....|.|....|
000002b0  01 7d 01 7d 00 01 00 00  01 7e 01 7e 00 01 00 00  |.}.}.....~.~....|
000002c0  01 7f 01 7f 00 01 00 00  01 80 01 80 00 01 00 00  |................|
000002d0  01 81 01 81 00 01 00 00  01 82 01 82 00 01 00 00  |................|
000002e0  01 83 01 83 00 01 00 00  01 84 01 84 00 01 00 00  |................|
000002f0  01 85 01 85 00 01 00 00  01 86 01 86 00 01 00 00  |................|
00000300  01 87 01 87 00 01 00 00  01 89 01 89 00 01 00 00  |................|
00000310  01 8a 01 8a 00 01 00 00  01 8b 01 8b 00 01 00 00  |................|
00000320  01 8c 01 8c 00 01 00 00  01 8d 01 8d 00 01 00 00  |................|
00000330  01 8e 01 8e 00 01 00 00  01 8f 01 8f 00 01 00 00  |................|
00000340  01 90 01 90 00 01 00 00  01 91 01 91 00 01 00 00  |................|
00000350  01 94 01 94 00 01 00 00  01 95 01 95 00 01 00 00  |................|
00000360  01 96 01 96 00 01 00 00  01 97 01 97 00 01 00 00  |................|
00000370  01 9d 01 9d 00 01 00 00  01 9e 01 9e 00 01 00 00  |................|
00000380  01 9f 01 9f 00 01 00 00  01 a0 01 a0 00 01 00 00  |................|
00000390  01 a1 01 a1 00 01 00 00  01 a2 01 a2 00 01 00 00  |................|
000003a0  01 a3 01 a3 00 01 00 00  01 a4 01 a4 00 01 00 00  |................|
000003b0  01 a5 01 a5 00 01 00 00  01 a6 01 a6 00 01 00 00  |................|
000003c0  01 a7 01 a7 00 01 00 00  01 a8 01 a8 00 01 00 00  |................|
000003d0  01 a9 01 a9 00 01 00 00  01 aa 01 aa 00 01 00 00  |................|
000003e0  01 ab 01 ab 00 01 00 00  01 ad 01 ad 00 01 00 00  |................|
000003f0  01 ae 01 ae 00 01 00 00  01 af 01 af 00 01 00 00  |................|
00000400  01 b0 01 b0 00 01 00 00  01 b1 01 b1 00 01 00 00  |................|
00000410  01 c1 01 c1 00 01 00 00  01 c2 01 c2 00 01 00 00  |................|
00000420  01 c6 01 c6 00 01 00 00  01 c7 01 c7 00 01 00 00  |................|
00000430  01 c8 01 c8 00 01 00 00  01 c9 01 c9 00 01 00 00  |................|
00000440  01 ca 01 ca 00 01 00 00  01 cb 01 cb 00 01 00 00  |................|
00000450  01 cc 01 cc 00 01 00 00  01 cd 01 cd 00 01 00 00  |................|
00000460  01 ce 01 ce 00 01 00 00  01 cf 01 cf 00 01 00 00  |................|
00000470  01 d2 01 d2 00 01 00 00  01 d3 01 d3 00 01 00 00  |................|
00000480  01 d4 01 d4 00 01 00 00  01 d5 01 d5 00 01 00 00  |................|
00000490  01 d6 01 d6 00 01 00 00  01 d7 01 d7 00 01 00 00  |................|
000004a0  01 d8 01 d8 00 01 00 00  01 d9 01 d9 00 01 00 00  |................|
000004b0  01 da 01 da 00 01 00 00  01 db 01 db 00 01 00 00  |................|
000004c0  01 dc 01 dc 00 01 00 00  01 dd 01 dd 00 01 00 00  |................|
000004d0  01 de 01 de 00 01 00 00  01 df 01 df 00 01 00 00  |................|
000004e0  01 e0 01 e0 00 01 00 00  01 e1 01 e1 00 01 00 00  |................|
000004f0  01 e2 01 e2 00 01 00 00  01 e3 01 e3 00 01 00 00  |................|
00000500  01 e4 01 e4 00 01 00 00  01 e5 01 e5 00 01 00 00  |................|
00000510  01 e6 01 e6 00 01 00 00  01 ea 01 ea 00 01 00 00  |................|
00000520  01 eb 01 eb 00 01 00 00  01 ec 01 ec 00 01 00 00  |................|
00000530  01 ed 01 ed 00 01 00 00  01 ee 01 ee 00 01 00 00  |................|
00000540  01 ef 01 ef 00 01 00 00  01 f0 01 f0 00 01 00 00  |................|
00000550  01 f2 01 f2 00 01 00 00  01 f3 01 f3 00 01 00 00  |................|
00000560  01 f4 01 f4 00 01 00 00  01 f5 01 f5 00 01 00 00  |................|
00000570  01 f6 01 f6 00 01 00 00  01 fd 01 fd 00 01 00 00  |................|
00000580  01 fe 01 fe 00 01 00 00  02 01 02 01 00 01 00 00  |................|
00000590  02 02 02 02 00 01 00 00  02 04 02 04 00 01 00 00  |................|
000005a0  02 05 02 05 00 01 00 00  02 06 02 06 00 01 00 00  |................|
000005b0  02 07 02 07 00 01 00 00  02 08 02 08 00 01 00 00  |................|
000005c0  02 09 02 09 00 01 00 00  02 0a 02 0a 00 01 00 00  |................|
000005d0  02 0b 02 0b 00 01 00 00  02 0c 02 0c 00 01 00 00  |................|
000005e0  02 0d 02 0d 00 01 00 00  02 0e 02 0e 00 01 00 00  |................|
000005f0  02 0f 02 0f 00 01 00 00  02 10 02 10 00 01 00 00  |................|
00000600  02 11 02 11 00 01 00 00  02 12 02 12 00 01 00 00  |................|
00000610  02 13 02 13 00 01 00 00  02 14 02 14 00 01 00 00  |................|
00000620  02 15 02 15 00 01 00 00  02 16 02 16 00 01 00 00  |................|
00000630  02 17 02 17 00 01 00 00  02 18 02 18 00 01 00 00  |................|
00000640  02 19 02 19 00 01 00 00  02 1a 02 1a 00 01 00 00  |................|
00000650  02 1b 02 1b 00 01 00 00  02 1c 02 1c 00 01 00 00  |................|
00000660  02 1d 02 1d 00 01 00 00  02 1e 02 1e 00 01 00 00  |................|
00000670  02 1f 02 1f 00 01 00 00  02 30 02 30 00 01 00 00  |.........0.0....|
00000680  02 35 02 35 00 01 00 00  02 3c 02 3c 00 01 00 00  |.5.5.....<.<....|
00000690  02 3d 02 3d 00 01 00 00  02 3e 02 3e 00 01 00 00  |.=.=.....>.>....|
000006a0  02 3f 02 3f 00 01 00 00  02 40 02 40 00 01 00 00  |.?.?.....@.@....|
000006b0  02 42 02 42 00 01 00 00  02 44 02 44 00 01 00 00  |.B.B.....D.D....|
000006c0  02 45 02 45 00 01 00 00  02 46 02 46 00 01 00 00  |.E.E.....F.F....|
000006d0  02 47 02 47 00 01 00 00  02 48 02 48 00 01 00 00  |.G.G.....H.H....|
000006e0  02 49 02 49 00 01 00 00  00 03 00 02 00 0a 00 00  |.I.I............|
000006f0  00 04 00 02 00 0a 00 00  00 05 00 01 00 01 00 00  |................|
00000700  00 06 00 02 00 0a 00 00  00 07 00 02 00 0a 00 00  |................|
00000710  00 09 00 01 00 01 00 00  00 0d 00 00 00 0e 00 00  |................|
00000720  00 0f 00 17 00 01 00 00  00 10 00 00 00 11 00 00  |................|
00000730  00 12 00 00 00 13 00 00  00 14 00 00 00 15 00 00  |................|
00000740  00 16 00 00 00 27 00 78  00 01 00 00 00 3a 00 00  |.....'.x.....:..|
00000750  00 44 00 02 00 0a 00 00  00 45 00 00 00 46 00 00  |.D.......E...F..|
00000760  00 4a 00 00 00 4c 00 00  00 5b 00 02 00 0a 00 00  |.J...L...[......|
00000770  00 5e 00 01 00 01 00 00  00 5f 00 17 00 01 00 00  |.^......._......|
00000780  00 60 00 60 00 01 00 00  00 61 00 60 00 01 00 00  |.`.`.....a.`....|
00000790  00 64 00 64 00 01 00 00  00 65 00 65 00 01 00 00  |.d.d.....e.e....|
000007a0  00 66 00 66 00 01 00 00  00 68 00 0b 00 01 00 00  |.f.f.....h......|
000007b0  00 69 00 00 00 6a 00 6a  00 01 00 00 00 6c 00 6d  |.i...j.j.....l.m|
000007c0  00 01 00 00 00 6d 00 6d  00 01 00 00 00 6e 00 6f  |.....m.m.....n.o|
000007d0  00 01 00 00 00 6f 00 6f  00 01 00 00 00 70 00 70  |.....o.o.....p.p|
000007e0  00 01 00 00 00 71 00 71  00 01 00 00 00 72 00 72  |.....q.q.....r.r|
000007f0  00 01 00 00 00 73 00 73  00 01 00 00 00 74 00 66  |.....s.s.....t.f|
00000800  00 01 00 00 00 76 00 00  00 77 00 00 00 79 00 00  |.....v...w...y..|
00000810  00 7a 00 00 00 7b 00 00  00 88 00 00 00 92 00 92  |.z...{..........|
00000820  00 01 00 00 00 93 00 00  00 98 00 02 00 0a 00 00  |................|
00000830  00 99 00 02 00 0a 00 00  00 9a 00 02 00 0a 00 00  |................|
00000840  00 9b 00 01 00 01 00 00  00 9c 00 0c 00 0a 00 00  |................|
00000850  00 ac 00 02 00 0a 00 00  00 b2 00 b2 00 01 00 00  |................|
00000860  00 b3 00 b3 00 01 00 00  00 b4 00 b4 00 01 00 00  |................|
00000870  00 b5 00 b5 00 01 00 00  00 b6 00 b6 00 01 00 00  |................|
00000880  00 b7 00 b7 00 01 00 00  00 b8 00 0c 00 0a 00 00  |................|
00000890  00 b9 00 b9 00 01 00 00  00 ba 00 ba 00 01 00 00  |................|
000008a0  00 bb 00 bb 00 01 00 00  00 bc 00 bc 00 01 00 00  |................|
000008b0  00 bd 00 bd 00 01 00 00  00 be 00 be 00 01 00 00  |................|
000008c0  00 bf 00 00 00 c0 00 00  00 c3 00 70 00 01 00 00  |...........p....|
000008d0  00 c4 00 71 00 01 00 00  00 c5 00 72 00 01 00 00  |...q.......r....|
000008e0  00 d0 00 d0 00 01 00 00  00 d1 00 00 00 e7 00 e7  |................|
000008f0  00 01 00 00 00 e8 00 e7  00 01 00 00 00 e9 00 e9  |................|
00000900  00 01 00 00 00 f1 00 6d  00 01 00 00 02 03 00 00  |.......m........|
00000910  02 4e 02 4e 00 01 00 00  02 4f 02 4f 00 01 00 00  |.N.N.....O.O....|
00000920  02 50 02 50 00 01 00 00  00 00                    |.P.P......|
2021-02-23T00:03:41.7074: 
Read packet:
00000000  0a 08 00 00 06 00 00 00  00 00 02 80 00 00 00 3c  |...............<|
00000010  3c 3c 80 00 00 00 00 00  00 20 00 01 00 01 00 01  |<<....... ......|
00000020  00 00 00 02 00 02 00 0a  00 00 00 08 00 08 00 01  |................|
00000030  00 00 00 0c 00 0c 00 0a  00 00 00 17 00 17 00 01  |................|
00000040  00 00 00 18 00 18 00 01  00 00 00 19 00 19 00 01  |................|
00000050  00 00 00 1a 00 1a 00 01  00 00 00 1b 00 1b 00 01  |................|
00000060  00 00 00 1c 00 1c 00 01  00 00 00 1d 00 1d 00 01  |................|
00000070  00 00 00 1e 00 1e 00 01  00 00 00 1f 00 1f 00 01  |................|
00000080  00 00 00 20 00 20 00 01  00 00 00 21 00 21 00 01  |... . .....!.!..|
00000090  00 00 00 0a 00 0a 00 01  00 00 00 0b 00 0b 00 01  |................|
000000a0  00 00 00 28 00 28 00 01  00 00 00 29 00 29 00 01  |...(.(.....).)..|
000000b0  00 00 00 75 00 75 00 01  00 00 00 78 00 78 00 01  |...u.u.....x.x..|
000000c0  00 00 01 22 01 22 00 01  00 00 01 23 01 23 00 01  |...".".....#.#..|
000000d0  00 00 01 24 01 24 00 01  00 00 01 25 01 25 00 01  |...$.$.....%.%..|
000000e0  00 00 01 26 01 26 00 01  00 00 01 2a 01 2a 00 01  |...&.&.....*.*..|
000000f0  00 00 01 2b 01 2b 00 01  00 00 01 2c 01 2c 00 01  |...+.+.....,.,..|
00000100  00 00 01 2d 01 2d 00 01  00 00 01 2e 01 2e 00 01  |...-.-..........|
00000110  00 00 01 2f 01 2f 00 01  00 00 01 30 01 30 00 01  |..././.....0.0..|
00000120  00 00 01 31 01 31 00 01  00 00 01 32 01 32 00 01  |...1.1.....2.2..|
00000130  00 00 01 33 01 33 00 01  00 00 01 34 01 34 00 01  |...3.3.....4.4..|
00000140  00 00 01 35 01 35 00 01  00 00 01 36 01 36 00 01  |...5.5.....6.6..|
00000150  00 00 01 37 01 37 00 01  00 00 01 38 01 38 00 01  |...7.7.....8.8..|
00000160  00 00 01 39 01 39 00 01  00 00 01 3b 01 3b 00 01  |...9.9.....;.;..|
00000170  00 00 01 3c 01 3c 00 01  00 00 01 3d 01 3d 00 01  |...<.<.....=.=..|
00000180  00 00 01 3e 01 3e 00 01  00 00 01 3f 01 3f 00 01  |...>.>.....?.?..|
00000190  00 00 01 40 01 40 00 01  00 00 01 41 01 41 00 01  |...@.@.....A.A..|
000001a0  00 00 01 42 01 42 00 01  00 00 01 43 01 43 00 01  |...B.B.....C.C..|
000001b0  00 00 01 47 01 47 00 01  00 00 01 48 01 48 00 01  |...G.G.....H.H..|
000001c0  00 00 01 49 01 49 00 01  00 00 01 4b 01 4b 00 01  |...I.I.....K.K..|
000001d0  00 00 01 4d 01 4d 00 01  00 00 01 4e 01 4e 00 01  |...M.M.....N.N..|
000001e0  00 00 01 4f 01 4f 00 01  00 00 01 50 01 50 00 01  |...O.O.....P.P..|
000001f0  00 00 01 51 01 51 00 01  00 00 01 52 01 52 00 01  |...Q.Q.....R.R..|
00000200  00 00 01 53 01 53 00 01  00 00 01 54 01 54 00 01  |...S.S.....T.T..|
00000210  00 00 01 55 01 55 00 01  00 00 01 56 01 56 00 01  |...U.U.....V.V..|
00000220  00 00 01 57 01 57 00 01  00 00 01 58 01 58 00 01  |...W.W.....X.X..|
00000230  00 00 01 59 01 59 00 01  00 00 01 5a 01 5a 00 01  |...Y.Y.....Z.Z..|
00000240  00 00 01 5c 01 5c 00 01  00 00 01 5d 01 5d 00 01  |...\.\.....].]..|
00000250  00 00 01 62 01 62 00 01  00 00 01 63 01 63 00 01  |...b.b.....c.c..|
00000260  00 00 01 67 01 67 00 01  00 00 01 6b 01 6b 00 01  |...g.g.....k.k..|
00000270  00 00 01 7c 01 7c 00 01  00 00 01 7d 01 7d 00 01  |...|.|.....}.}..|
00000280  00 00 01 7e 01 7e 00 01  00 00 01 7f 01 7f 00 01  |...~.~..........|
00000290  00 00 01 80 01 80 00 01  00 00 01 81 01 81 00 01  |................|
000002a0  00 00 01 82 01 82 00 01  00 00 01 83 01 83 00 01  |................|
000002b0  00 00 01 84 01 84 00 01  00 00 01 85 01 85 00 01  |................|
000002c0  00 00 01 86 01 86 00 01  00 00 01 87 01 87 00 01  |................|
000002d0  00 00 01 89 01 89 00 01  00 00 01 8a 01 8a 00 01  |................|
000002e0  00 00 01 8b 01 8b 00 01  00 00 01 8c 01 8c 00 01  |................|
000002f0  00 00 01 8d 01 8d 00 01  00 00 01 8e 01 8e 00 01  |................|
00000300  00 00 01 8f 01 8f 00 01  00 00 01 90 01 90 00 01  |................|
00000310  00 00 01 91 01 91 00 01  00 00 01 94 01 94 00 01  |................|
00000320  00 00 01 95 01 95 00 01  00 00 01 96 01 96 00 01  |................|
00000330  00 00 01 97 01 97 00 01  00 00 01 9d 01 9d 00 01  |................|
00000340  00 00 01 9e 01 9e 00 01  00 00 01 9f 01 9f 00 01  |................|
00000350  00 00 01 a0 01 a0 00 01  00 00 01 a1 01 a1 00 01  |................|
00000360  00 00 01 a2 01 a2 00 01  00 00 01 a3 01 a3 00 01  |................|
00000370  00 00 01 a4 01 a4 00 01  00 00 01 a5 01 a5 00 01  |................|
00000380  00 00 01 a6 01 a6 00 01  00 00 01 a7 01 a7 00 01  |................|
00000390  00 00 01 a8 01 a8 00 01  00 00 01 a9 01 a9 00 01  |................|
000003a0  00 00 01 aa 01 aa 00 01  00 00 01 ab 01 ab 00 01  |................|
000003b0  00 00 01 ad 01 ad 00 01  00 00 01 ae 01 ae 00 01  |................|
000003c0  00 00 01 af 01 af 00 01  00 00 01 b0 01 b0 00 01  |................|
000003d0  00 00 01 b1 01 b1 00 01  00 00 01 c1 01 c1 00 01  |................|
000003e0  00 00 01 c2 01 c2 00 01  00 00 01 c6 01 c6 00 01  |................|
000003f0  00 00 01 c7 01 c7 00 01  00 00 01 c8 01 c8 00 01  |................|
00000400  00 00 01 c9 01 c9 00 01  00 00 01 ca 01 ca 00 01  |................|
00000410  00 00 01 cb 01 cb 00 01  00 00 01 cc 01 cc 00 01  |................|
00000420  00 00 01 cd 01 cd 00 01  00 00 01 ce 01 ce 00 01  |................|
00000430  00 00 01 cf 01 cf 00 01  00 00 01 d2 01 d2 00 01  |................|
00000440  00 00 01 d3 01 d3 00 01  00 00 01 d4 01 d4 00 01  |................|
00000450  00 00 01 d5 01 d5 00 01  00 00 01 d6 01 d6 00 01  |................|
00000460  00 00 01 d7 01 d7 00 01  00 00 01 d8 01 d8 00 01  |................|
00000470  00 00 01 d9 01 d9 00 01  00 00 01 da 01 da 00 01  |................|
00000480  00 00 01 db 01 db 00 01  00 00 01 dc 01 dc 00 01  |................|
00000490  00 00 01 dd 01 dd 00 01  00 00 01 de 01 de 00 01  |................|
000004a0  00 00 01 df 01 df 00 01  00 00 01 e0 01 e0 00 01  |................|
000004b0  00 00 01 e1 01 e1 00 01  00 00 01 e2 01 e2 00 01  |................|
000004c0  00 00 01 e3 01 e3 00 01  00 00 01 e4 01 e4 00 01  |................|
000004d0  00 00 01 e5 01 e5 00 01  00 00 01 e6 01 e6 00 01  |................|
000004e0  00 00 01 ea 01 ea 00 01  00 00 01 eb 01 eb 00 01  |................|
000004f0  00 00 01 ec 01 ec 00 01  00 00 01 ed 01 ed 00 01  |................|
00000500  00 00 01 ee 01 ee 00 01  00 00 01 ef 01 ef 00 01  |................|
00000510  00 00 01 f0 01 f0 00 01  00 00 01 f2 01 f2 00 01  |................|
00000520  00 00 01 f3 01 f3 00 01  00 00 01 f4 01 f4 00 01  |................|
00000530  00 00 01 f5 01 f5 00 01  00 00 01 f6 01 f6 00 01  |................|
00000540  00 00 01 fd 01 fd 00 01  00 00 01 fe 01 fe 00 01  |................|
00000550  00 00 02 01 02 01 00 01  00 00 02 02 02 02 00 01  |................|
00000560  00 00 02 04 02 04 00 01  00 00 02 05 02 05 00 01  |................|
00000570  00 00 02 06 02 06 00 01  00 00 02 07 02 07 00 01  |................|
00000580  00 00 02 08 02 08 00 01  00 00 02 09 02 09 00 01  |................|
00000590  00 00 02 0a 02 0a 00 01  00 00 02 0b 02 0b 00 01  |................|
000005a0  00 00 02 0c 02 0c 00 01  00 00 02 0d 02 0d 00 01  |................|
000005b0  00 00 02 0e 02 0e 00 01  00 00 02 0f 02 0f 00 01  |................|
000005c0  00 00 02 10 02 10 00 01  00 00 02 11 02 11 00 01  |................|
000005d0  00 00 02 12 02 12 00 01  00 00 02 13 02 13 00 01  |................|
000005e0  00 00 02 14 02 14 00 01  00 00 02 15 02 15 00 01  |................|
000005f0  00 00 02 16 02 16 00 01  00 00 02 17 02 17 00 01  |................|
00000600  00 00 02 18 02 18 00 01  00 00 02 19 02 19 00 01  |................|
00000610  00 00 02 1a 02 1a 00 01  00 00 02 1b 02 1b 00 01  |................|
00000620  00 00 02 1f 02 1f 00 01  00 00 02 20 00 00 02 21  |........... ...!|
00000630  00 00 02 22 00 00 02 23  00 00 02 24 00 00 02 25  |..."...#...$...%|
00000640  00 00 02 26 00 00 02 27  00 00 02 28 00 00 02 29  |...&...'...(...)|
00000650  00 00 02 2a 00 00 02 2b  00 00 02 2c 00 00 02 2d  |...*...+...,...-|
00000660  00 00 02 2e 00 00 02 2f  00 00 02 30 02 30 00 01  |......./...0.0..|
00000670  00 00 02 31 00 00 02 32  00 00 02 33 00 00 02 34  |...1...2...3...4|
00000680  00 00 02 36 00 00 02 37  00 00 02 38 00 00 02 39  |...6...7...8...9|
00000690  00 00 02 3a 00 00 02 3b  00 00 02 3c 02 3c 00 01  |...:...;...<.<..|
000006a0  00 00 02 3d 02 3d 00 01  00 00 02 3e 02 3e 00 01  |...=.=.....>.>..|
000006b0  00 00 02 3f 02 3f 00 01  00 00 02 40 02 40 00 01  |...?.?.....@.@..|
000006c0  00 00 02 41 00 00 02 42  02 42 00 01 00 00 02 43  |...A...B.B.....C|
000006d0  00 00 02 44 02 44 00 01  00 00 02 45 02 45 00 01  |...D.D.....E.E..|
000006e0  00 00 02 46 02 46 00 01  00 00 02 47 02 47 00 01  |...F.F.....G.G..|
000006f0  00 00 02 48 02 48 00 01  00 00 02 49 02 49 00 01  |...H.H.....I.I..|
00000700  00 00 02 4a 00 00 02 4b  00 00 02 4c 00 00 02 4d  |...J...K...L...M|
00000710  00 00 02 4e 02 4e 00 01  00 00 02 4f 02 4f 00 01  |...N.N.....O.O..|
00000720  00 00 02 50 02 50 00 01  00 00 02 51 00 00 02 52  |...P.P.....Q...R|
00000730  00 00 02 53 00 00 02 54  00 00 02 55 00 00 02 56  |...S...T...U...V|
00000740  00 00 02 57 00 00 02 58  00 00 02 59 00 00 02 5a  |...W...X...Y...Z|
00000750  00 00 02 5b 00 00 02 5c  00 00 02 5d 00 00 02 63  |...[...\...]...c|
00000760  00 00 02 64 00 00 02 65  00 00 02 66 00 00 02 67  |...d...e...f...g|
00000770  00 00 02 68 00 00 02 6e  00 00 02 6f 00 00 02 70  |...h...n...o...p|
00000780  00 00 02 71 00 00 02 72  00 00 02 73 00 00 02 74  |...q...r...s...t|
00000790  00 00 02 75 00 00 02 76  00 00 02 77 00 00 02 78  |...u...v...w...x|
000007a0  00 00 02 79 00 00 02 7a  00 00 02 7b 00 00 02 7c  |...y...z...{...||
000007b0  00 00 02 7d 00 00 02 7e  00 00 02 7f 00 00 02 80  |...}...~........|
000007c0  00 00 02 81 00 00 02 82  00 00 02 83 00 00 02 84  |................|
000007d0  00 00 02 85 00 00 02 86  00 00 02 87 00 00 02 88  |................|
000007e0  00 00 02 89 00 00 02 8a  00 00 02 8b 00 00 00 03  |................|
000007f0  00 02 00 0a 00 00 00 04  00 02 00 0a 00 00 00 05  |................|
00000800  00 01 00 01 00 00 00 06  00 02 00 0a 00 00 00 07  |................|
00000810  00 02 00 0a 00 00 00 09  00 01 00 01 00 00 00 0d  |................|
00000820  00 00 00 0e 00 00 00 0f  00 17 00 01 00 00 00 10  |................|
00000830  00 00 00 11 00 00 00 12  00 00 00 13 00 00 00 14  |................|
00000840  00 00 00 15 00 00 00 16  00 00 00 27 00 00 00 3a  |...........'...:|
00000850  00 00 00 44 00 02 00 0a  00 00 00 45 00 00 00 46  |...D.......E...F|
00000860  00 00 00 4a 00 00 00 4c  00 00 00 5b 00 02 00 0a  |...J...L...[....|
00000870  00 00 00 5e 00 01 00 01  00 00 00 5f 00 17 00 01  |...^......._....|
00000880  00 00 00 60 00 60 00 01  00 00 00 61 00 60 00 01  |...`.`.....a.`..|
00000890  00 00 00 64 00 64 00 01  00 00 00 65 00 65 00 01  |...d.d.....e.e..|
000008a0  00 00 00 66 00 66 00 01  00 00 00 68 00 00 00 69  |...f.f.....h...i|
000008b0  00 00 00 6a 00 6a 00 01  00 00 00 6c 00 6d 00 01  |...j.j.....l.m..|
000008c0  00 00 00 6d 00 6d 00 01  00 00 00 6e 00 6f 00 01  |...m.m.....n.o..|
000008d0  00 00 00 6f 00 6f 00 01  00 00 00 70 00 70 00 01  |...o.o.....p.p..|
000008e0  00 00 00 71 00 71 00 01  00 00 00 72 00 72 00 01  |...q.q.....r.r..|
000008f0  00 00 00 73 00 73 00 01  00 00 00 74 00 66 00 01  |...s.s.....t.f..|
00000900  00 00 00 76 00 00 00 79  00 00 00 7a 00 00 00 7b  |...v...y...z...{|
00000910  00 00 00 88 00 00 00 92  00 92 00 01 00 00 00 93  |................|
00000920  00 00 00 98 00 02 00 0a  00 00 00 99 00 02 00 0a  |................|
00000930  00 00 00 9a 00 02 00 0a  00 00 00 9b 00 01 00 01  |................|
00000940  00 00 00 9c 00 0c 00 0a  00 00 00 ac 00 02 00 0a  |................|
00000950  00 00 00 b2 00 b2 00 01  00 00 00 b3 00 b3 00 01  |................|
00000960  00 00 00 b4 00 b4 00 01  00 00 00 b5 00 b5 00 01  |................|
00000970  00 00 00 b6 00 b6 00 01  00 00 00 b7 00 b7 00 01  |................|
00000980  00 00 00 b8 00 0c 00 0a  00 00 00 b9 00 00 00 ba  |................|
00000990  00 00 00 bb 00 00 00 bc  00 00 00 bd 00 00 00 be  |................|
000009a0  00 00 00 bf 00 00 00 c0  00 00 00 c3 00 70 00 01  |.............p..|
000009b0  00 00 00 c4 00 71 00 01  00 00 00 c5 00 72 00 01  |.....q.......r..|
000009c0  00 00 00 d0 00 d0 00 01  00 00 00 d1 00 00 00 e7  |................|
000009d0  00 e7 00 01 00 00 00 e8  00 e7 00 01 00 00 00 e9  |................|
000009e0  00 e9 00 01 00 00 00 f1  00 6d 00 01 00 00 00 f5  |.........m......|
000009f0  00 00 00 f6 00 00 00 fa  00 00 00 fb 00 00 00 fc  |................|
00000a00  00 00 02 03 00 00 00 00                           |........|
2021-02-23T00:03:41.7074: doAuth
2021-02-23T00:03:41.7074: 
Write packet:
00000000  00 f7 00 00 06 00 00 00  00 00 03 76 00 01 01 06  |...........v....|
00000010  01 01 01 01 05 01 01 53  59 53 54 45 4d 01 0d 0d  |.......SYSTEM...|
00000020  41 55 54 48 5f 54 45 52  4d 49 4e 41 4c 01 0f 0f  |AUTH_TERMINAL...|
00000030  44 45 53 4b 54 4f 50 2d  39 53 39 46 52 56 55 00  |DESKTOP-9S9FRVU.|
00000040  01 0f 0f 41 55 54 48 5f  50 52 4f 47 52 41 4d 5f  |...AUTH_PROGRAM_|
00000050  4e 4d 01 45 fe 40 43 3a  5c 55 73 65 72 73 5c 61  |NM.E.@C:\Users\a|
00000060  73 6d 61 74 5c 41 70 70  44 61 74 61 5c 4c 6f 63  |smat\AppData\Loc|
00000070  61 6c 5c 54 65 6d 70 5c  67 6f 2d 62 75 69 6c 64  |al\Temp\go-build|
00000080  35 34 39 38 38 30 38 33  38 5c 62 30 30 31 5c 65  |549880838\b001\e|
00000090  78 65 5c 6d 61 69 05 6e  2e 65 78 65 00 00 01 0c  |xe\mai.n.exe....|
000000a0  0c 41 55 54 48 5f 4d 41  43 48 49 4e 45 01 0f 0f  |.AUTH_MACHINE...|
000000b0  44 45 53 4b 54 4f 50 2d  39 53 39 46 52 56 55 00  |DESKTOP-9S9FRVU.|
000000c0  01 08 08 41 55 54 48 5f  50 49 44 01 04 04 37 34  |...AUTH_PID...74|
000000d0  33 36 00 01 08 08 41 55  54 48 5f 53 49 44 01 15  |36....AUTH_SID..|
000000e0  15 44 45 53 4b 54 4f 50  2d 39 53 39 46 52 56 55  |.DESKTOP-9S9FRVU|
000000f0  5c 61 73 6d 61 74 00                              |\asmat.|
2021-02-23T00:03:41.7383: 
Read packet:
00000000  01 0a 00 00 06 00 00 00  00 00 08 01 03 01 0c 0c  |................|
00000010  41 55 54 48 5f 53 45 53  53 4b 45 59 01 60 60 43  |AUTH_SESSKEY.``C|
00000020  44 30 44 45 41 30 44 35  33 43 37 43 31 34 36 45  |D0DEA0D53C7C146E|
00000030  37 32 42 42 30 30 30 38  33 32 42 39 34 35 32 31  |72BB000832B94521|
00000040  36 38 31 39 33 31 43 38  37 38 31 35 34 46 43 37  |681931C878154FC7|
00000050  33 39 34 38 39 31 44 43  35 32 33 35 41 46 37 41  |394891DC5235AF7A|
00000060  33 34 45 36 32 45 34 30  30 30 46 33 38 44 39 43  |34E62E4000F38D9C|
00000070  44 37 31 37 45 35 42 43  43 36 34 37 46 31 42 00  |D717E5BCC647F1B.|
00000080  01 0d 0d 41 55 54 48 5f  56 46 52 5f 44 41 54 41  |...AUTH_VFR_DATA|
00000090  01 14 14 41 32 44 37 45  39 31 36 42 33 34 39 33  |...A2D7E916B3493|
000000a0  46 45 30 38 42 30 41 02  1b 25 01 1a 1a 41 55 54  |FE08B0A..%...AUT|
000000b0  48 5f 47 4c 4f 42 41 4c  4c 59 5f 55 4e 49 51 55  |H_GLOBALLY_UNIQU|
000000c0  45 5f 44 42 49 44 00 01  20 20 32 34 36 46 36 32  |E_DBID..  246F62|
000000d0  43 45 43 45 31 39 31 32  41 32 39 32 45 34 33 35  |CECE1912A292E435|
000000e0  36 43 31 36 42 38 30 34  43 32 00 04 01 01 01 fa  |6C16B804C2......|
000000f0  00 00 00 00 00 00 00 00  00 00 00 00 00 00 00 00  |................|
00000100  00 00 00 00 00 00 00 00  00 00                    |..........|
2021-02-23T00:03:41.7403: 
Write packet:
00000000  04 07 00 00 06 00 00 00  00 00 03 73 00 01 01 06  |...........s....|
00000010  02 01 01 01 01 16 01 01  53 59 53 54 45 4d 01 0c  |........SYSTEM..|
00000020  0c 41 55 54 48 5f 53 45  53 53 4b 45 59 01 60 fe  |.AUTH_SESSKEY.`.|
00000030  40 32 37 31 39 35 35 34  33 43 37 45 41 32 46 34  |@27195543C7EA2F4|
00000040  46 41 42 43 31 31 31 39  34 38 44 41 35 31 34 34  |FABC111948DA5144|
00000050  36 45 44 38 41 42 43 33  34 38 31 33 46 37 43 42  |6ED8ABC34813F7CB|
00000060  32 38 34 36 41 38 44 38  42 43 32 30 38 36 46 33  |2846A8D8BC2086F3|
00000070  31 20 38 46 38 33 30 36  32 41 32 37 34 45 34 36  |1 8F83062A274E46|
00000080  46 35 30 34 37 41 34 31  31 39 42 43 43 33 37 44  |F5047A4119BCC37D|
00000090  39 45 00 01 01 01 0d 0d  41 55 54 48 5f 50 41 53  |9E......AUTH_PAS|
000000a0  53 57 4f 52 44 01 40 40  39 38 41 44 32 39 35 39  |SWORD.@@98AD2959|
000000b0  46 43 37 33 37 46 32 39  30 37 33 43 33 42 34 37  |FC737F29073C3B47|
000000c0  30 43 38 33 35 36 33 43  41 35 36 42 36 32 35 31  |0C83563CA56B6251|
000000d0  42 33 37 35 35 33 45 36  37 44 44 32 34 39 36 45  |B37553E67DD2496E|
000000e0  42 46 36 44 44 32 42 33  00 01 0d 0d 41 55 54 48  |BF6DD2B3....AUTH|
000000f0  5f 54 45 52 4d 49 4e 41  4c 01 0f 0f 44 45 53 4b  |_TERMINAL...DESK|
00000100  54 4f 50 2d 39 53 39 46  52 56 55 00 01 0f 0f 41  |TOP-9S9FRVU....A|
00000110  55 54 48 5f 50 52 4f 47  52 41 4d 5f 4e 4d 01 45  |UTH_PROGRAM_NM.E|
00000120  fe 40 43 3a 5c 55 73 65  72 73 5c 61 73 6d 61 74  |.@C:\Users\asmat|
00000130  5c 41 70 70 44 61 74 61  5c 4c 6f 63 61 6c 5c 54  |\AppData\Local\T|
00000140  65 6d 70 5c 67 6f 2d 62  75 69 6c 64 35 34 39 38  |emp\go-build5498|
00000150  38 30 38 33 38 5c 62 30  30 31 5c 65 78 65 5c 6d  |80838\b001\exe\m|
00000160  61 69 05 6e 2e 65 78 65  00 00 01 0c 0c 41 55 54  |ai.n.exe.....AUT|
00000170  48 5f 4d 41 43 48 49 4e  45 01 0f 0f 44 45 53 4b  |H_MACHINE...DESK|
00000180  54 4f 50 2d 39 53 39 46  52 56 55 00 01 08 08 41  |TOP-9S9FRVU....A|
00000190  55 54 48 5f 50 49 44 01  04 04 37 34 33 36 00 01  |UTH_PID...7436..|
000001a0  08 08 41 55 54 48 5f 53  49 44 01 15 15 44 45 53  |..AUTH_SID...DES|
000001b0  4b 54 4f 50 2d 39 53 39  46 52 56 55 5c 61 73 6d  |KTOP-9S9FRVU\asm|
000001c0  61 74 00 01 13 13 41 55  54 48 5f 43 4f 4e 4e 45  |at....AUTH_CONNE|
000001d0  43 54 5f 53 54 52 49 4e  47 01 ea fe 40 28 44 45  |CT_STRING...@(DE|
000001e0  53 43 52 49 50 54 49 4f  4e 3d 28 41 44 44 52 45  |SCRIPTION=(ADDRE|
000001f0  53 53 3d 28 50 52 4f 54  4f 43 4f 4c 3d 74 63 70  |SS=(PROTOCOL=tcp|
00000200  29 28 48 4f 53 54 3d 6c  6f 63 61 6c 68 6f 73 74  |)(HOST=localhost|
00000210  29 28 50 4f 52 54 3d 31  35 32 31 29 29 40 28 43  |)(PORT=1521))@(C|
00000220  4f 4e 4e 45 43 54 5f 44  41 54 41 3d 28 53 45 52  |ONNECT_DATA=(SER|
00000230  56 49 43 45 5f 4e 41 4d  45 3d 6f 72 63 6c 29 28  |VICE_NAME=orcl)(|
00000240  43 49 44 3d 28 50 52 4f  47 52 41 4d 3d 43 3a 5c  |CID=(PROGRAM=C:\|
00000250  55 73 65 72 73 5c 61 73  6d 61 74 5c 41 70 40 70  |Users\asmat\Ap@p|
00000260  44 61 74 61 5c 4c 6f 63  61 6c 5c 54 65 6d 70 5c  |Data\Local\Temp\|
00000270  67 6f 2d 62 75 69 6c 64  35 34 39 38 38 30 38 33  |go-build54988083|
00000280  38 5c 62 30 30 31 5c 65  78 65 5c 6d 61 69 6e 2e  |8\b001\exe\main.|
00000290  65 78 65 29 28 48 4f 53  54 3d 44 45 53 4b 54 2a  |exe)(HOST=DESKT*|
000002a0  4f 50 2d 39 53 39 46 52  56 55 29 28 55 53 45 52  |OP-9S9FRVU)(USER|
000002b0  3d 44 45 53 4b 54 4f 50  2d 39 53 39 46 52 56 55  |=DESKTOP-9S9FRVU|
000002c0  5c 61 73 6d 61 74 29 29  29 29 00 00 01 16 16 53  |\asmat)))).....S|
000002d0  45 53 53 49 4f 4e 5f 43  4c 49 45 4e 54 5f 43 48  |ESSION_CLIENT_CH|
000002e0  41 52 53 45 54 01 03 03  38 37 33 00 01 17 17 53  |ARSET...873....S|
000002f0  45 53 53 49 4f 4e 5f 43  4c 49 45 4e 54 5f 4c 49  |ESSION_CLIENT_LI|
00000300  42 5f 54 59 50 45 01 01  01 30 00 01 1a 1a 53 45  |B_TYPE...0....SE|
00000310  53 53 49 4f 4e 5f 43 4c  49 45 4e 54 5f 44 52 49  |SSION_CLIENT_DRI|
00000320  56 45 52 5f 4e 41 4d 45  01 0e 0e 4f 72 61 63 6c  |VER_NAME...Oracl|
00000330  65 43 6c 69 65 6e 74 47  6f 00 01 16 16 53 45 53  |eClientGo....SES|
00000340  53 49 4f 4e 5f 43 4c 49  45 4e 54 5f 56 45 52 53  |SION_CLIENT_VERS|
00000350  49 4f 4e 01 07 07 31 2e  30 2e 30 2e 30 00 01 16  |ION...1.0.0.0...|
00000360  16 53 45 53 53 49 4f 4e  5f 43 4c 49 45 4e 54 5f  |.SESSION_CLIENT_|
00000370  4c 4f 42 41 54 54 52 01  01 01 31 00 01 12 12 41  |LOBATTR...1....A|
00000380  55 54 48 5f 41 4c 54 45  52 5f 53 45 53 53 49 4f  |UTH_ALTER_SESSIO|
00000390  4e 01 56 fe 40 41 4c 54  45 52 20 53 45 53 53 49  |N.V.@ALTER SESSI|
000003a0  4f 4e 20 53 45 54 20 4e  4c 53 5f 4c 41 4e 47 55  |ON SET NLS_LANGU|
000003b0  41 47 45 3d 27 41 4d 45  52 49 43 41 4e 27 20 4e  |AGE='AMERICAN' N|
000003c0  4c 53 5f 54 45 52 52 49  54 4f 52 59 3d 27 41 4d  |LS_TERRITORY='AM|
000003d0  45 52 49 43 41 16 27 20  20 54 49 4d 45 5f 5a 4f  |ERICA.'  TIME_ZO|
000003e0  4e 45 3d 27 2b 30 35 3a  33 30 27 00 00 01 01 00  |NE='+05:30'.....|
000003f0  00 00 00 00 00 00 00 00  00 00 00 00 00 00 00 00  |................|
00000400  00 00 00 00 00 00 00                              |.......|
2021-02-23T00:03:41.7483: 
Read packet:
00000000  06 5a 00 00 06 00 00 00  00 00 08 01 2a 01 13 13  |.Z..........*...|
00000010  41 55 54 48 5f 56 45 52  53 49 4f 4e 5f 53 54 52  |AUTH_VERSION_STR|
00000020  49 4e 47 01 0c 0c 2d 20  50 72 6f 64 75 63 74 69  |ING...- Producti|
00000030  6f 6e 00 01 10 10 41 55  54 48 5f 56 45 52 53 49  |on....AUTH_VERSI|
00000040  4f 4e 5f 53 51 4c 01 02  02 32 34 00 01 13 13 41  |ON_SQL...24....A|
00000050  55 54 48 5f 58 41 43 54  49 4f 4e 5f 54 52 41 49  |UTH_XACTION_TRAI|
00000060  54 53 01 01 01 33 00 01  0f 0f 41 55 54 48 5f 56  |TS...3....AUTH_V|
00000070  45 52 53 49 4f 4e 5f 4e  4f 01 09 09 33 31 38 39  |ERSION_NO...3189|
00000080  36 33 37 31 32 00 01 13  13 41 55 54 48 5f 56 45  |63712....AUTH_VE|
00000090  52 53 49 4f 4e 5f 53 54  41 54 55 53 01 01 01 30  |RSION_STATUS...0|
000000a0  00 01 15 15 41 55 54 48  5f 43 41 50 41 42 49 4c  |....AUTH_CAPABIL|
000000b0  49 54 59 5f 54 41 42 4c  45 00 00 01 0f 0f 41 55  |ITY_TABLE.....AU|
000000c0  54 48 5f 4c 41 53 54 5f  4c 4f 47 49 4e 01 1a 1a  |TH_LAST_LOGIN...|
000000d0  37 38 37 39 30 32 31 36  31 33 31 44 32 39 30 30  |78790216131D2900|
000000e0  30 30 30 30 30 30 30 30  30 30 00 01 0b 0b 41 55  |0000000000....AU|
000000f0  54 48 5f 44 42 4e 41 4d  45 01 04 04 4f 52 43 4c  |TH_DBNAME...ORCL|
00000100  00 01 11 11 41 55 54 48  5f 44 42 5f 4d 4f 55 4e  |....AUTH_DB_MOUN|
00000110  54 5f 49 44 00 01 0a 0a  31 35 39 32 39 35 38 39  |T_ID....15929589|
00000120  39 33 00 01 0b 0b 41 55  54 48 5f 44 42 5f 49 44  |93....AUTH_DB_ID|
00000130  00 01 0a 0a 31 35 38 39  39 35 36 36 35 35 00 01  |....1589956655..|
00000140  0c 0c 41 55 54 48 5f 55  53 45 52 5f 49 44 01 01  |..AUTH_USER_ID..|
00000150  01 39 00 01 0f 0f 41 55  54 48 5f 53 45 53 53 49  |.9....AUTH_SESSI|
00000160  4f 4e 5f 49 44 01 03 03  31 34 35 00 01 0f 0f 41  |ON_ID...145....A|
00000170  55 54 48 5f 53 45 52 49  41 4c 5f 4e 55 4d 01 05  |UTH_SERIAL_NUM..|
00000180  05 36 33 38 34 36 00 01  10 10 41 55 54 48 5f 49  |.63846....AUTH_I|
00000190  4e 53 54 41 4e 43 45 5f  4e 4f 01 01 01 31 00 01  |NSTANCE_NO...1..|
000001a0  10 10 41 55 54 48 5f 46  41 49 4c 4f 56 45 52 5f  |..AUTH_FAILOVER_|
000001b0  49 44 01 01 01 31 00 01  0f 0f 41 55 54 48 5f 53  |ID...1....AUTH_S|
000001c0  45 52 56 45 52 5f 50 49  44 01 04 04 38 36 32 34  |ERVER_PID...8624|
000001d0  00 01 13 13 41 55 54 48  5f 53 43 5f 53 45 52 56  |....AUTH_SC_SERV|
000001e0  45 52 5f 48 4f 53 54 01  0f 0f 64 65 73 6b 74 6f  |ER_HOST...deskto|
000001f0  70 2d 39 73 39 66 72 76  75 00 01 15 15 41 55 54  |p-9s9frvu....AUT|
00000200  48 5f 53 43 5f 44 42 55  4e 49 51 55 45 5f 4e 41  |H_SC_DBUNIQUE_NA|
00000210  4d 45 01 04 04 6f 72 63  6c 00 01 15 15 41 55 54  |ME...orcl....AUT|
00000220  48 5f 53 43 5f 49 4e 53  54 41 4e 43 45 5f 4e 41  |H_SC_INSTANCE_NA|
00000230  4d 45 01 04 04 6f 72 63  6c 00 01 13 13 41 55 54  |ME...orcl....AUT|
00000240  48 5f 53 43 5f 49 4e 53  54 41 4e 43 45 5f 49 44  |H_SC_INSTANCE_ID|
00000250  01 01 01 31 00 01 1b 1b  41 55 54 48 5f 53 43 5f  |...1....AUTH_SC_|
00000260  49 4e 53 54 41 4e 43 45  5f 53 54 41 52 54 5f 54  |INSTANCE_START_T|
00000270  49 4d 45 01 24 24 32 30  32 31 2d 30 32 2d 32 32  |IME.$$2021-02-22|
00000280  20 31 34 3a 31 32 3a 34  36 2e 30 30 30 30 30 30  | 14:12:46.000000|
00000290  30 30 30 20 2b 30 35 3a  33 30 00 01 11 11 41 55  |000 +05:30....AU|
000002a0  54 48 5f 53 43 5f 44 42  5f 44 4f 4d 41 49 4e 00  |TH_SC_DB_DOMAIN.|
000002b0  00 01 14 14 41 55 54 48  5f 53 43 5f 53 45 52 56  |....AUTH_SC_SERV|
000002c0  49 43 45 5f 4e 41 4d 45  01 04 04 6f 72 63 6c 00  |ICE_NAME...orcl.|
000002d0  01 1b 1b 41 55 54 48 5f  4f 4e 53 5f 52 4c 42 5f  |...AUTH_ONS_RLB_|
000002e0  53 55 42 53 43 52 5f 50  41 54 54 45 52 4e 01 30  |SUBSCR_PATTERN.0|
000002f0  30 25 22 65 76 65 6e 74  54 79 70 65 3d 64 61 74  |0%"eventType=dat|
00000300  61 62 61 73 65 2f 65 76  65 6e 74 2f 73 65 72 76  |abase/event/serv|
00000310  69 63 65 6d 65 74 72 69  63 73 2f 6f 72 63 6c 22  |icemetrics/orcl"|
00000320  00 00 01 1a 1a 41 55 54  48 5f 4f 4e 53 5f 48 41  |.....AUTH_ONS_HA|
00000330  5f 53 55 42 53 43 52 5f  50 41 54 54 45 52 4e 01  |_SUBSCR_PATTERN.|
00000340  49 49 28 22 65 76 65 6e  74 54 79 70 65 3d 64 61  |II("eventType=da|
00000350  74 61 62 61 73 65 2f 65  76 65 6e 74 2f 73 65 72  |tabase/event/ser|
00000360  76 69 63 65 22 29 20 7c  20 28 22 65 76 65 6e 74  |vice") | ("event|
00000370  54 79 70 65 3d 64 61 74  61 62 61 73 65 2f 65 76  |Type=database/ev|
00000380  65 6e 74 2f 68 6f 73 74  22 29 00 00 01 11 11 41  |ent/host").....A|
00000390  55 54 48 5f 53 43 5f 53  56 43 5f 46 4c 41 47 53  |UTH_SC_SVC_FLAGS|
000003a0  01 01 01 38 00 01 11 11  41 55 54 48 5f 49 4e 53  |...8....AUTH_INS|
000003b0  54 41 4e 43 45 4e 41 4d  45 01 04 04 6f 72 63 6c  |TANCENAME...orcl|
000003c0  00 01 0f 0f 41 55 54 48  5f 4e 4c 53 5f 4c 58 4c  |....AUTH_NLS_LXL|
000003d0  41 4e 00 01 08 08 41 4d  45 52 49 43 41 4e 00 01  |AN....AMERICAN..|
000003e0  16 16 41 55 54 48 5f 4e  4c 53 5f 4c 58 43 54 45  |..AUTH_NLS_LXCTE|
000003f0  52 52 49 54 4f 52 59 00  01 07 07 41 4d 45 52 49  |RRITORY....AMERI|
00000400  43 41 00 01 15 15 41 55  54 48 5f 4e 4c 53 5f 4c  |CA....AUTH_NLS_L|
00000410  58 43 43 55 52 52 45 4e  43 59 00 01 01 01 24 00  |XCCURRENCY....$.|
00000420  01 14 14 41 55 54 48 5f  4e 4c 53 5f 4c 58 43 49  |...AUTH_NLS_LXCI|
00000430  53 4f 43 55 52 52 00 01  07 07 41 4d 45 52 49 43  |SOCURR....AMERIC|
00000440  41 00 01 15 15 41 55 54  48 5f 4e 4c 53 5f 4c 58  |A....AUTH_NLS_LX|
00000450  43 4e 55 4d 45 52 49 43  53 00 01 02 02 2e 2c 00  |CNUMERICS.....,.|
00000460  01 13 13 41 55 54 48 5f  4e 4c 53 5f 4c 58 43 44  |...AUTH_NLS_LXCD|
00000470  41 54 45 46 4d 00 01 09  09 44 44 2d 4d 4f 4e 2d  |ATEFM....DD-MON-|
00000480  52 52 00 01 15 15 41 55  54 48 5f 4e 4c 53 5f 4c  |RR....AUTH_NLS_L|
00000490  58 43 44 41 54 45 4c 41  4e 47 00 01 08 08 41 4d  |XCDATELANG....AM|
000004a0  45 52 49 43 41 4e 00 01  11 11 41 55 54 48 5f 4e  |ERICAN....AUTH_N|
000004b0  4c 53 5f 4c 58 43 53 4f  52 54 00 01 06 06 42 49  |LS_LXCSORT....BI|
000004c0  4e 41 52 59 00 01 15 15  41 55 54 48 5f 4e 4c 53  |NARY....AUTH_NLS|
000004d0  5f 4c 58 43 43 41 4c 45  4e 44 41 52 00 01 09 09  |_LXCCALENDAR....|
000004e0  47 52 45 47 4f 52 49 41  4e 00 01 15 15 41 55 54  |GREGORIAN....AUT|
000004f0  48 5f 4e 4c 53 5f 4c 58  43 55 4e 49 4f 4e 43 55  |H_NLS_LXCUNIONCU|
00000500  52 00 01 01 01 24 00 01  13 13 41 55 54 48 5f 4e  |R....$....AUTH_N|
00000510  4c 53 5f 4c 58 43 54 49  4d 45 46 4d 00 01 0e 0e  |LS_LXCTIMEFM....|
00000520  48 48 2e 4d 49 2e 53 53  58 46 46 20 41 4d 00 01  |HH.MI.SSXFF AM..|
00000530  13 13 41 55 54 48 5f 4e  4c 53 5f 4c 58 43 53 54  |..AUTH_NLS_LXCST|
00000540  4d 50 46 4d 00 01 18 18  44 44 2d 4d 4f 4e 2d 52  |MPFM....DD-MON-R|
00000550  52 20 48 48 2e 4d 49 2e  53 53 58 46 46 20 41 4d  |R HH.MI.SSXFF AM|
00000560  00 01 13 13 41 55 54 48  5f 4e 4c 53 5f 4c 58 43  |....AUTH_NLS_LXC|
00000570  54 54 5a 4e 46 4d 00 01  12 12 48 48 2e 4d 49 2e  |TTZNFM....HH.MI.|
00000580  53 53 58 46 46 20 41 4d  20 54 5a 52 00 01 13 13  |SSXFF AM TZR....|
00000590  41 55 54 48 5f 4e 4c 53  5f 4c 58 43 53 54 5a 4e  |AUTH_NLS_LXCSTZN|
000005a0  46 4d 00 01 1c 1c 44 44  2d 4d 4f 4e 2d 52 52 20  |FM....DD-MON-RR |
000005b0  48 48 2e 4d 49 2e 53 53  58 46 46 20 41 4d 20 54  |HH.MI.SSXFF AM T|
000005c0  5a 52 00 01 11 11 41 55  54 48 5f 53 56 52 5f 52  |ZR....AUTH_SVR_R|
000005d0  45 53 50 4f 4e 53 45 01  60 60 39 41 42 34 45 44  |ESPONSE.``9AB4ED|
000005e0  30 41 45 34 45 31 32 34  46 46 36 34 38 36 38 45  |0AE4E124FF64868E|
000005f0  33 38 31 38 46 37 34 31  33 41 42 32 31 36 46 34  |3818F7413AB216F4|
00000600  37 43 30 38 37 39 34 46  33 43 37 31 32 37 32 39  |7C08794F3C712729|
00000610  30 37 46 35 35 32 36 30  36 37 44 43 44 33 37 44  |07F5526067DCD37D|
00000620  39 31 44 43 45 45 41 39  35 33 30 46 34 31 30 34  |91DCEEA9530F4104|
00000630  35 45 31 36 38 34 46 41  32 39 00 04 01 01 01 fb  |5E1684FA29......|
00000640  00 00 00 00 00 00 00 00  00 00 00 00 00 00 00 00  |................|
00000650  00 00 00 00 00 00 00 00  00 00                    |..........|
2021-02-23T00:03:41.7483: 
Write packet:
00000000  00 13 00 00 06 00 00 00  00 00 03 3b 00 01 02 01  |...........;....|
00000010  00 01 01                                          |...|
2021-02-23T00:03:41.7483: 
Read packet:
00000000  00 5d 00 00 06 00 00 00  00 00 08 01 46 4f 72 61  |.]..........FOra|
00000010  63 6c 65 20 44 61 74 61  62 61 73 65 20 31 39 63  |cle Database 19c|
00000020  20 53 74 61 6e 64 61 72  64 20 45 64 69 74 69 6f  | Standard Editio|
00000030  6e 20 32 20 52 65 6c 65  61 73 65 20 31 39 2e 30  |n 2 Release 19.0|
00000040  2e 30 2e 30 2e 30 20 2d  20 50 72 6f 64 75 63 74  |.0.0.0 - Product|
00000050  69 6f 6e 04 13 00 00 00  09 01 01 01 fb           |ion..........|
2021-02-23T00:03:41.7493: Exec:
DECLARE
	err_code VARCHAR2(2000);
	err_msg  VARCHAR2(2000);
	BEGIN
		SELECT VALUE into :p_nls_calendar from nls_session_parameters where PARAMETER='NLS_CALENDAR';
		SELECT VALUE into :p_nls_comp from nls_session_parameters where PARAMETER='NLS_COMP';
		SELECT VALUE into :p_nls_length_semantics from nls_session_parameters where PARAMETER='NLS_LENGTH_SEMANTICS';
		SELECT VALUE into :p_nls_nchar_conv_excep from nls_session_parameters where PARAMETER='NLS_NCHAR_CONV_EXCP';
		SELECT VALUE into :p_nls_date_lang from nls_session_parameters where PARAMETER='NLS_DATE_LANGUAGE';
		SELECT VALUE into :p_nls_sort from nls_session_parameters where PARAMETER='NLS_SORT';
		SELECT VALUE into :p_nls_currency from nls_session_parameters where PARAMETER='NLS_CURRENCY';
		SELECT VALUE into :p_nls_date_format from nls_session_parameters where PARAMETER='NLS_DATE_FORMAT';
		SELECT VALUE into :p_nls_iso_currency from nls_session_parameters where PARAMETER='NLS_ISO_CURRENCY';
		SELECT VALUE into :p_nls_numeric_chars from nls_session_parameters where PARAMETER='NLS_NUMERIC_CHARACTERS';
		SELECT VALUE into :p_nls_dual_currency from nls_session_parameters where PARAMETER='NLS_DUAL_CURRENCY';
		SELECT VALUE into :p_nls_timestamp from nls_session_parameters where PARAMETER='NLS_TIMESTAMP_FORMAT';
		SELECT VALUE into :p_nls_timestamp_tz from nls_session_parameters where PARAMETER='NLS_TIMESTAMP_TZ_FORMAT';
		SELECT '0' into :p_err_code from dual;
		SELECT '0' into :p_err_msg from dual;
	END;
2021-02-23T00:03:41.7493: 
Write packet:
00000000  07 23 00 00 06 00 00 00  00 00 03 5e 00 03 04 04  |.#.........^....|
00000010  29 00 01 02 05 cd 01 01  0d 00 00 00 00 04 7f ff  |)...............|
00000020  ff ff 01 01 0f 00 00 00  00 00 00 00 00 00 01 00  |................|
00000030  00 00 00 00 44 45 43 4c  41 52 45 0a 09 65 72 72  |....DECLARE..err|
00000040  5f 63 6f 64 65 20 56 41  52 43 48 41 52 32 28 32  |_code VARCHAR2(2|
00000050  30 30 30 29 3b 0a 09 65  72 72 5f 6d 73 67 20 20  |000);..err_msg  |
00000060  56 41 52 43 48 41 52 32  28 32 30 30 30 29 3b 0a  |VARCHAR2(2000);.|
00000070  09 42 45 47 49 4e 0a 09  09 53 45 4c 45 43 54 20  |.BEGIN...SELECT |
00000080  56 41 4c 55 45 20 69 6e  74 6f 20 3a 70 5f 6e 6c  |VALUE into :p_nl|
00000090  73 5f 63 61 6c 65 6e 64  61 72 20 66 72 6f 6d 20  |s_calendar from |
000000a0  6e 6c 73 5f 73 65 73 73  69 6f 6e 5f 70 61 72 61  |nls_session_para|
000000b0  6d 65 74 65 72 73 20 77  68 65 72 65 20 50 41 52  |meters where PAR|
000000c0  41 4d 45 54 45 52 3d 27  4e 4c 53 5f 43 41 4c 45  |AMETER='NLS_CALE|
000000d0  4e 44 41 52 27 3b 0a 09  09 53 45 4c 45 43 54 20  |NDAR';...SELECT |
000000e0  56 41 4c 55 45 20 69 6e  74 6f 20 3a 70 5f 6e 6c  |VALUE into :p_nl|
000000f0  73 5f 63 6f 6d 70 20 66  72 6f 6d 20 6e 6c 73 5f  |s_comp from nls_|
00000100  73 65 73 73 69 6f 6e 5f  70 61 72 61 6d 65 74 65  |session_paramete|
00000110  72 73 20 77 68 65 72 65  20 50 41 52 41 4d 45 54  |rs where PARAMET|
00000120  45 52 3d 27 4e 4c 53 5f  43 4f 4d 50 27 3b 0a 09  |ER='NLS_COMP';..|
00000130  09 53 45 4c 45 43 54 20  56 41 4c 55 45 20 69 6e  |.SELECT VALUE in|
00000140  74 6f 20 3a 70 5f 6e 6c  73 5f 6c 65 6e 67 74 68  |to :p_nls_length|
00000150  5f 73 65 6d 61 6e 74 69  63 73 20 66 72 6f 6d 20  |_semantics from |
00000160  6e 6c 73 5f 73 65 73 73  69 6f 6e 5f 70 61 72 61  |nls_session_para|
00000170  6d 65 74 65 72 73 20 77  68 65 72 65 20 50 41 52  |meters where PAR|
00000180  41 4d 45 54 45 52 3d 27  4e 4c 53 5f 4c 45 4e 47  |AMETER='NLS_LENG|
00000190  54 48 5f 53 45 4d 41 4e  54 49 43 53 27 3b 0a 09  |TH_SEMANTICS';..|
000001a0  09 53 45 4c 45 43 54 20  56 41 4c 55 45 20 69 6e  |.SELECT VALUE in|
000001b0  74 6f 20 3a 70 5f 6e 6c  73 5f 6e 63 68 61 72 5f  |to :p_nls_nchar_|
000001c0  63 6f 6e 76 5f 65 78 63  65 70 20 66 72 6f 6d 20  |conv_excep from |
000001d0  6e 6c 73 5f 73 65 73 73  69 6f 6e 5f 70 61 72 61  |nls_session_para|
000001e0  6d 65 74 65 72 73 20 77  68 65 72 65 20 50 41 52  |meters where PAR|
000001f0  41 4d 45 54 45 52 3d 27  4e 4c 53 5f 4e 43 48 41  |AMETER='NLS_NCHA|
00000200  52 5f 43 4f 4e 56 5f 45  58 43 50 27 3b 0a 09 09  |R_CONV_EXCP';...|
00000210  53 45 4c 45 43 54 20 56  41 4c 55 45 20 69 6e 74  |SELECT VALUE int|
00000220  6f 20 3a 70 5f 6e 6c 73  5f 64 61 74 65 5f 6c 61  |o :p_nls_date_la|
00000230  6e 67 20 66 72 6f 6d 20  6e 6c 73 5f 73 65 73 73  |ng from nls_sess|
00000240  69 6f 6e 5f 70 61 72 61  6d 65 74 65 72 73 20 77  |ion_parameters w|
00000250  68 65 72 65 20 50 41 52  41 4d 45 54 45 52 3d 27  |here PARAMETER='|
00000260  4e 4c 53 5f 44 41 54 45  5f 4c 41 4e 47 55 41 47  |NLS_DATE_LANGUAG|
00000270  45 27 3b 0a 09 09 53 45  4c 45 43 54 20 56 41 4c  |E';...SELECT VAL|
00000280  55 45 20 69 6e 74 6f 20  3a 70 5f 6e 6c 73 5f 73  |UE into :p_nls_s|
00000290  6f 72 74 20 66 72 6f 6d  20 6e 6c 73 5f 73 65 73  |ort from nls_ses|
000002a0  73 69 6f 6e 5f 70 61 72  61 6d 65 74 65 72 73 20  |sion_parameters |
000002b0  77 68 65 72 65 20 50 41  52 41 4d 45 54 45 52 3d  |where PARAMETER=|
000002c0  27 4e 4c 53 5f 53 4f 52  54 27 3b 0a 09 09 53 45  |'NLS_SORT';...SE|
000002d0  4c 45 43 54 20 56 41 4c  55 45 20 69 6e 74 6f 20  |LECT VALUE into |
000002e0  3a 70 5f 6e 6c 73 5f 63  75 72 72 65 6e 63 79 20  |:p_nls_currency |
000002f0  66 72 6f 6d 20 6e 6c 73  5f 73 65 73 73 69 6f 6e  |from nls_session|
00000300  5f 70 61 72 61 6d 65 74  65 72 73 20 77 68 65 72  |_parameters wher|
00000310  65 20 50 41 52 41 4d 45  54 45 52 3d 27 4e 4c 53  |e PARAMETER='NLS|
00000320  5f 43 55 52 52 45 4e 43  59 27 3b 0a 09 09 53 45  |_CURRENCY';...SE|
00000330  4c 45 43 54 20 56 41 4c  55 45 20 69 6e 74 6f 20  |LECT VALUE into |
00000340  3a 70 5f 6e 6c 73 5f 64  61 74 65 5f 66 6f 72 6d  |:p_nls_date_form|
00000350  61 74 20 66 72 6f 6d 20  6e 6c 73 5f 73 65 73 73  |at from nls_sess|
00000360  69 6f 6e 5f 70 61 72 61  6d 65 74 65 72 73 20 77  |ion_parameters w|
00000370  68 65 72 65 20 50 41 52  41 4d 45 54 45 52 3d 27  |here PARAMETER='|
00000380  4e 4c 53 5f 44 41 54 45  5f 46 4f 52 4d 41 54 27  |NLS_DATE_FORMAT'|
00000390  3b 0a 09 09 53 45 4c 45  43 54 20 56 41 4c 55 45  |;...SELECT VALUE|
000003a0  20 69 6e 74 6f 20 3a 70  5f 6e 6c 73 5f 69 73 6f  | into :p_nls_iso|
000003b0  5f 63 75 72 72 65 6e 63  79 20 66 72 6f 6d 20 6e  |_currency from n|
000003c0  6c 73 5f 73 65 73 73 69  6f 6e 5f 70 61 72 61 6d  |ls_session_param|
000003d0  65 74 65 72 73 20 77 68  65 72 65 20 50 41 52 41  |eters where PARA|
000003e0  4d 45 54 45 52 3d 27 4e  4c 53 5f 49 53 4f 5f 43  |METER='NLS_ISO_C|
000003f0  55 52 52 45 4e 43 59 27  3b 0a 09 09 53 45 4c 45  |URRENCY';...SELE|
00000400  43 54 20 56 41 4c 55 45  20 69 6e 74 6f 20 3a 70  |CT VALUE into :p|
00000410  5f 6e 6c 73 5f 6e 75 6d  65 72 69 63 5f 63 68 61  |_nls_numeric_cha|
00000420  72 73 20 66 72 6f 6d 20  6e 6c 73 5f 73 65 73 73  |rs from nls_sess|
00000430  69 6f 6e 5f 70 61 72 61  6d 65 74 65 72 73 20 77  |ion_parameters w|
00000440  68 65 72 65 20 50 41 52  41 4d 45 54 45 52 3d 27  |here PARAMETER='|
00000450  4e 4c 53 5f 4e 55 4d 45  52 49 43 5f 43 48 41 52  |NLS_NUMERIC_CHAR|
00000460  41 43 54 45 52 53 27 3b  0a 09 09 53 45 4c 45 43  |ACTERS';...SELEC|
00000470  54 20 56 41 4c 55 45 20  69 6e 74 6f 20 3a 70 5f  |T VALUE into :p_|
00000480  6e 6c 73 5f 64 75 61 6c  5f 63 75 72 72 65 6e 63  |nls_dual_currenc|
00000490  79 20 66 72 6f 6d 20 6e  6c 73 5f 73 65 73 73 69  |y from nls_sessi|
000004a0  6f 6e 5f 70 61 72 61 6d  65 74 65 72 73 20 77 68  |on_parameters wh|
000004b0  65 72 65 20 50 41 52 41  4d 45 54 45 52 3d 27 4e  |ere PARAMETER='N|
000004c0  4c 53 5f 44 55 41 4c 5f  43 55 52 52 45 4e 43 59  |LS_DUAL_CURRENCY|
000004d0  27 3b 0a 09 09 53 45 4c  45 43 54 20 56 41 4c 55  |';...SELECT VALU|
000004e0  45 20 69 6e 74 6f 20 3a  70 5f 6e 6c 73 5f 74 69  |E into :p_nls_ti|
000004f0  6d 65 73 74 61 6d 70 20  66 72 6f 6d 20 6e 6c 73  |mestamp from nls|
00000500  5f 73 65 73 73 69 6f 6e  5f 70 61 72 61 6d 65 74  |_session_paramet|
00000510  65 72 73 20 77 68 65 72  65 20 50 41 52 41 4d 45  |ers where PARAME|
00000520  54 45 52 3d 27 4e 4c 53  5f 54 49 4d 45 53 54 41  |TER='NLS_TIMESTA|
00000530  4d 50 5f 46 4f 52 4d 41  54 27 3b 0a 09 09 53 45  |MP_FORMAT';...SE|
00000540  4c 45 43 54 20 56 41 4c  55 45 20 69 6e 74 6f 20  |LECT VALUE into |
00000550  3a 70 5f 6e 6c 73 5f 74  69 6d 65 73 74 61 6d 70  |:p_nls_timestamp|
00000560  5f 74 7a 20 66 72 6f 6d  20 6e 6c 73 5f 73 65 73  |_tz from nls_ses|
00000570  73 69 6f 6e 5f 70 61 72  61 6d 65 74 65 72 73 20  |sion_parameters |
00000580  77 68 65 72 65 20 50 41  52 41 4d 45 54 45 52 3d  |where PARAMETER=|
00000590  27 4e 4c 53 5f 54 49 4d  45 53 54 41 4d 50 5f 54  |'NLS_TIMESTAMP_T|
000005a0  5a 5f 46 4f 52 4d 41 54  27 3b 0a 09 09 53 45 4c  |Z_FORMAT';...SEL|
000005b0  45 43 54 20 27 30 27 20  69 6e 74 6f 20 3a 70 5f  |ECT '0' into :p_|
000005c0  65 72 72 5f 63 6f 64 65  20 66 72 6f 6d 20 64 75  |err_code from du|
000005d0  61 6c 3b 0a 09 09 53 45  4c 45 43 54 20 27 30 27  |al;...SELECT '0'|
000005e0  20 69 6e 74 6f 20 3a 70  5f 65 72 72 5f 6d 73 67  | into :p_err_msg|
000005f0  20 66 72 6f 6d 20 64 75  61 6c 3b 0a 09 45 4e 44  | from dual;..END|
00000600  3b 01 01 01 01 00 00 00  00 00 00 00 00 00 00 00  |;...............|
00000610  01 03 00 00 01 a0 00 01  10 00 00 02 03 67 01 01  |.............g..|
00000620  28 01 03 00 00 01 a0 00  01 10 00 00 02 03 67 01  |(.............g.|
00000630  01 28 01 03 00 00 01 a0  00 01 10 00 00 02 03 67  |.(.............g|
00000640  01 01 28 01 03 00 00 01  a0 00 01 10 00 00 02 03  |..(.............|
00000650  67 01 01 28 01 03 00 00  01 a0 00 01 10 00 00 02  |g..(............|
00000660  03 67 01 01 28 01 03 00  00 01 a0 00 01 10 00 00  |.g..(...........|
00000670  02 03 67 01 01 28 01 03  00 00 01 a0 00 01 10 00  |..g..(..........|
00000680  00 02 03 67 01 01 28 01  03 00 00 01 a0 00 01 10  |...g..(.........|
00000690  00 00 02 03 67 01 01 28  01 03 00 00 01 a0 00 01  |....g..(........|
000006a0  10 00 00 02 03 67 01 01  28 01 03 00 00 01 a0 00  |.....g..(.......|
000006b0  01 10 00 00 02 03 67 01  01 28 01 03 00 00 01 a0  |......g..(......|
000006c0  00 01 10 00 00 02 03 67  01 01 28 01 03 00 00 01  |.......g..(.....|
000006d0  c0 00 01 10 00 00 02 03  67 01 01 30 01 03 00 00  |........g..0....|
000006e0  01 e0 00 01 10 00 00 02  03 67 01 01 38 01 03 00  |.........g..8...|
000006f0  00 02 1f 40 00 01 10 00  00 02 03 67 01 02 07 d0  |...@.......g....|
00000700  01 03 00 00 02 1f 40 00  01 10 00 00 02 03 67 01  |......@.......g.|
00000710  02 07 d0 07 00 00 00 00  00 00 00 00 00 00 00 00  |................|
00000720  00 00 00                                          |...|
2021-02-23T00:03:41.7523: 
Read packet:
00000000  02 06 00 00 06 00 00 00  00 00 0b 05 01 0f 00 01  |................|
00000010  01 00 00 00 10 10 10 10  10 10 10 10 10 10 10 10  |................|
00000020  10 10 10 07 09 47 52 45  47 4f 52 49 41 4e 00 06  |.....GREGORIAN..|
00000030  42 49 4e 41 52 59 00 04  42 59 54 45 00 05 46 41  |BINARY..BYTE..FA|
00000040  4c 53 45 00 08 41 4d 45  52 49 43 41 4e 00 06 42  |LSE..AMERICAN..B|
00000050  49 4e 41 52 59 00 01 24  00 09 44 44 2d 4d 4f 4e  |INARY..$..DD-MON|
00000060  2d 52 52 00 07 41 4d 45  52 49 43 41 00 02 2e 2c  |-RR..AMERICA...,|
00000070  00 01 24 00 18 44 44 2d  4d 4f 4e 2d 52 52 20 48  |..$..DD-MON-RR H|
00000080  48 2e 4d 49 2e 53 53 58  46 46 20 41 4d 00 1c 44  |H.MI.SSXFF AM..D|
00000090  44 2d 4d 4f 4e 2d 52 52  20 48 48 2e 4d 49 2e 53  |D-MON-RR HH.MI.S|
000000a0  53 58 46 46 20 41 4d 20  54 5a 52 00 01 30 00 01  |SXFF AM TZR..0..|
000000b0  30 00 08 01 06 03 40 92  7e 00 01 01 00 00 00 00  |0.....@.~.......|
000000c0  01 13 00 01 08 08 41 4d  45 52 49 43 41 4e 01 10  |......AMERICAN..|
000000d0  00 01 07 07 41 4d 45 52  49 43 41 01 09 00 01 01  |....AMERICA.....|
000000e0  01 24 00 00 01 07 07 41  4d 45 52 49 43 41 01 01  |.$.....AMERICA..|
000000f0  00 01 02 02 2e 2c 01 02  00 01 08 08 41 4c 33 32  |.....,......AL32|
00000100  55 54 46 38 01 0a 00 01  09 09 47 52 45 47 4f 52  |UTF8......GREGOR|
00000110  49 41 4e 01 0c 00 01 09  09 44 44 2d 4d 4f 4e 2d  |IAN......DD-MON-|
00000120  52 52 01 07 00 01 08 08  41 4d 45 52 49 43 41 4e  |RR......AMERICAN|
00000130  01 08 00 01 06 06 42 49  4e 41 52 59 01 0b 00 01  |......BINARY....|
00000140  0e 0e 48 48 2e 4d 49 2e  53 53 58 46 46 20 41 4d  |..HH.MI.SSXFF AM|
00000150  01 39 00 01 18 18 44 44  2d 4d 4f 4e 2d 52 52 20  |.9....DD-MON-RR |
00000160  48 48 2e 4d 49 2e 53 53  58 46 46 20 41 4d 01 3a  |HH.MI.SSXFF AM.:|
00000170  00 01 12 12 48 48 2e 4d  49 2e 53 53 58 46 46 20  |....HH.MI.SSXFF |
00000180  41 4d 20 54 5a 52 01 3b  00 01 1c 1c 44 44 2d 4d  |AM TZR.;....DD-M|
00000190  4f 4e 2d 52 52 20 48 48  2e 4d 49 2e 53 53 58 46  |ON-RR HH.MI.SSXF|
000001a0  46 20 41 4d 20 54 5a 52  01 3c 00 01 01 01 24 01  |F AM TZR.<....$.|
000001b0  34 00 01 06 06 42 49 4e  41 52 59 01 32 00 01 04  |4....BINARY.2...|
000001c0  04 42 59 54 45 01 3d 00  01 05 05 46 41 4c 53 45  |.BYTE.=....FALSE|
000001d0  01 3e 00 01 0b 0b 80 00  00 00 41 5a 3c 80 00 00  |.>........AZ<...|
000001e0  00 01 a3 00 04 01 01 01  fc 01 01 00 00 00 01 01  |................|
000001f0  00 2f 00 00 00 00 00 00  00 00 00 00 00 00 00 00  |./..............|
00000200  01 01 00 00 00 00                                 |......|
2021-02-23T00:03:41.7523: Summary: RetCode:0, Error Message:""
2021-02-23T00:03:41.7523: 
Write packet:
00000000  00 15 00 00 06 00 00 00  00 00 11 69 00 01 01 01  |...........i....|
00000010  01 01 03 93 00                                    |.....|
2021-02-23T00:03:41.7523: 
Read packet:
00000000  00 0f 00 00 06 00 00 00  00 00 09 01 01 01 fe     |...............|
2021-02-23T00:03:41.7523: Prepare
Select * from personnel where id=:1
2021-02-23T00:03:41.7523: Query:
Select * from personnel where id=:1
2021-02-23T00:03:41.7523: 
Write packet:
00000000  00 79 00 00 06 00 00 00  00 00 03 5e 00 02 80 29  |.y.........^...)|
00000010  00 01 01 23 01 01 0d 00  00 00 01 19 04 7f ff ff  |...#............|
00000020  ff 01 01 01 00 00 00 00  00 00 00 00 00 01 00 00  |................|
00000030  00 00 00 53 65 6c 65 63  74 20 2a 20 66 72 6f 6d  |...Select * from|
00000040  20 70 65 72 73 6f 6e 6e  65 6c 20 77 68 65 72 65  | personnel where|
00000050  20 69 64 3d 3a 31 01 01  01 19 00 00 00 00 00 01  | id=:1..........|
00000060  01 00 00 00 00 00 02 03  00 00 01 16 00 00 00 00  |................|
00000070  02 03 67 00 00 07 02 c1  03                       |..g......|
2021-02-23T00:03:41.7533: 
Read packet:
00000000  01 30 00 00 06 00 00 00  00 00 10 17 e1 87 f1 98  |.0..............|
00000010  12 7b 11 dc 1f b1 d6 5a  df c3 5c 58 78 79 02 16  |.{.....Z..\Xxy..|
00000020  18 34 11 01 5e 01 04 59  02 00 26 00 01 16 00 03  |.4..^..Y..&.....|
00000030  04 00 00 00 00 00 00 00  00 02 01 02 02 49 44 00  |.............ID.|
00000040  00 00 00 01 80 00 00 01  19 00 00 00 00 02 03 69  |...............i|
00000050  01 01 19 01 04 01 04 04  4e 41 4d 45 00 00 01 01  |........NAME....|
00000060  00 02 00 26 00 01 16 00  03 04 00 00 00 00 00 00  |...&............|
00000070  00 01 11 01 11 11 53 45  43 55 52 49 54 59 43 4c  |......SECURITYCL|
00000080  45 41 52 41 4e 43 45 00  00 01 02 00 01 80 00 00  |EARANCE.........|
00000090  01 19 00 00 00 00 02 03  69 01 01 19 01 08 01 08  |........i.......|
000000a0  08 50 4f 53 49 54 49 4f  4e 00 00 01 03 00 01 07  |.POSITION.......|
000000b0  07 78 79 02 17 01 04 2a  01 01 02 1f e8 01 02 01  |.xy....*........|
000000c0  02 00 06 22 01 04 00 01  32 00 00 00 07 02 c1 03  |..."....2.......|
000000d0  08 4b 79 6c 6f 20 52 65  6e 02 c1 05 05 43 68 69  |.Kylo Ren....Chi|
000000e0  65 66 08 01 06 03 40 92  7e 00 01 03 00 00 00 00  |ef....@.~.......|
000000f0  00 00 04 01 01 01 ff 01  01 02 05 7b 00 00 01 03  |...........{....|
00000100  00 03 00 00 00 00 00 00  00 00 00 00 00 00 00 00  |................|
00000110  01 01 00 00 00 00 19 4f  52 41 2d 30 31 34 30 33  |.......ORA-01403|
00000120  3a 20 6e 6f 20 64 61 74  61 20 66 6f 75 6e 64 0a  |: no data found.|
2021-02-23T00:03:41.7533: Summary: RetCode:1403, Error Message:"ORA-01403: no data found\n"
2021-02-23T00:03:41.7533: Row 0
2021-02-23T00:03:41.7533:   ID                  : 2
2021-02-23T00:03:41.7533:   NAME                : Kylo Ren
2021-02-23T00:03:41.7533:   SECURITYCLEARANCE   : 4
2021-02-23T00:03:41.7533:   POSITION            : Chief
2021-02-23T00:03:41.7533: 
Write packet:
00000000  00 15 00 00 06 00 00 00  00 00 11 69 00 01 01 01  |...........i....|
00000010  01 03 03 93 00                                    |.....|
2021-02-23T00:03:41.7543: 
Read packet:
00000000  00 10 00 00 06 00 00 00  00 00 09 01 01 02 01 01  |................|
